TN:
SF:/Users/gurghet/Library/Mobile Documents/com~apple~CloudDocs/Vue2Cookbook tools/vue2cookbook/10/10.7/src/store/index.js
FN:,(anonymous_0)
FN:,(anonymous_1)
FN:,(anonymous_2)
FN:,(anonymous_3)
FNF:4
FNH:3
FNDA:1,(anonymous_0)
FNDA:1,(anonymous_1)
FNDA:1,(anonymous_2)
FNDA:0,(anonymous_3)
DA:5,1
DA:7,1
DA:9,1
DA:10,1
DA:12,1
DA:14,1
DA:15,1
DA:17,0
DA:22,1
LF:9
LH:8
BRF:0
BRH:0
end_of_record
TN:
SF:/Users/gurghet/Library/Mobile Documents/com~apple~CloudDocs/Vue2Cookbook tools/vue2cookbook/10/10.7/src/store/actions.js
FN:,(anonymous_0)
FNF:1
FNH:1
FNDA:1,(anonymous_0)
DA:3,2
DA:5,1
DA:7,1
LF:3
LH:3
BRF:0
BRH:0
end_of_record
TN:
SF:/Users/gurghet/Library/Mobile Documents/com~apple~CloudDocs/Vue2Cookbook tools/vue2cookbook/10/10.7/src/App.vue
FNF:0
FNH:0
LF:0
LH:0
BRF:0
BRH:0
end_of_record
TN:
SF:/Users/gurghet/Library/Mobile Documents/com~apple~CloudDocs/Vue2Cookbook tools/vue2cookbook/10/10.7/src/components/Hello.vue
FNF:0
FNH:0
DA:11,0
LF:1
LH:0
BRF:0
BRH:0
end_of_record
TN:
SF:/Users/gurghet/Library/Mobile Documents/com~apple~CloudDocs/Vue2Cookbook tools/vue2cookbook/10/10.7/src/router/index.js
FNF:0
FNH:0
DA:5,1
LF:1
LH:1
BRF:0
BRH:0
end_of_record
